<?xml version="1.0" encoding="UTF-8"?>
<!-- Generated by org.testng.reporters.JUnitReportReporter -->
<testsuite skipped="0" hostname="SSATISHK-IN" name="TestNgAnnotationSession.TestNgAnnotation" tests="4" failures="0" timestamp="03 Jul 2020 02:21:56 GMT" time="0.025" errors="0">
  <testcase name="test3" time="0.003" classname="TestNgAnnotationSession.TestNgAnnotation"/>
  <testcase name="test2" time="0.002" classname="TestNgAnnotationSession.TestNgAnnotation"/>
  <testcase name="test4" time="0.002" classname="TestNgAnnotationSession.TestNgAnnotation"/>
  <testcase name="test1" time="0.018" classname="TestNgAnnotationSession.TestNgAnnotation"/>
</testsuite> <!-- TestNgAnnotationSession.TestNgAnnotation -->
