<?xml version="1.0" encoding="UTF-8"?>
<!-- Generated by org.testng.reporters.JUnitReportReporter -->
<testsuite skipped="0" hostname="SSATISHK-IN" name="TestNgAnnotationSession.TestNgwithSelenium" tests="4" failures="0" timestamp="03 Jul 2020 16:54:21 GMT" time="35.009" errors="0">
  <testcase name="titleTest" time="8.505" classname="TestNgAnnotationSession.TestNgwithSelenium"/>
  <testcase name="urlCheck" time="8.619" classname="TestNgAnnotationSession.TestNgwithSelenium"/>
  <testcase name="searchTest" time="9.537" classname="TestNgAnnotationSession.TestNgwithSelenium"/>
  <testcase name="searchTest2" time="8.348" classname="TestNgAnnotationSession.TestNgwithSelenium"/>
</testsuite> <!-- TestNgAnnotationSession.TestNgwithSelenium -->
