<?xml version="1.0" encoding="UTF-8"?>
<!-- Generated by org.testng.reporters.JUnitReportReporter -->
<testsuite skipped="1" hostname="SSATISHK-IN" name="TestNgAnnotationSession.PriorityConcept" tests="1" failures="0" timestamp="01 Jul 2020 15:25:51 GMT" time="0.000" errors="0">
  <testcase name="dtest" time="0.000" classname="TestNgAnnotationSession.PriorityConcept">
    <skipped/>
  </testcase> <!-- dtest -->
</testsuite> <!-- TestNgAnnotationSession.PriorityConcept -->
