<?xml version="1.0" encoding="UTF-8"?>
<!-- Generated by org.testng.reporters.JUnitReportReporter -->
<testsuite skipped="1" hostname="SSATISHK-IN" name="TestNgAnnotationSession.ExpectedExceptionConcept" tests="1" failures="0" timestamp="01 Jul 2020 15:25:51 GMT" time="0.000" errors="0">
  <testcase name="test1" time="0.000" classname="TestNgAnnotationSession.ExpectedExceptionConcept">
    <skipped/>
  </testcase> <!-- test1 -->
</testsuite> <!-- TestNgAnnotationSession.ExpectedExceptionConcept -->
