<?xml version="1.0" encoding="UTF-8"?>
<!-- Generated by org.testng.reporters.JUnitReportReporter -->
<testsuite skipped="0" hostname="SSATISHK-IN" name="TestNgAnnotationSession.DependsOnMethodConcept" tests="3" failures="0" timestamp="03 Jul 2020 02:24:33 GMT" time="0.014" errors="0">
  <testcase name="search" time="0.001" classname="TestNgAnnotationSession.DependsOnMethodConcept"/>
  <testcase name="login" time="0.012" classname="TestNgAnnotationSession.DependsOnMethodConcept"/>
  <testcase name="home" time="0.001" classname="TestNgAnnotationSession.DependsOnMethodConcept"/>
</testsuite> <!-- TestNgAnnotationSession.DependsOnMethodConcept -->
