<?xml version="1.0" encoding="UTF-8"?>
<!-- Generated by org.testng.reporters.JUnitReportReporter -->
<testsuite skipped="25" hostname="SSATISHK-IN" name="TestNgAnnotationSession.InvocationCountConcept" tests="25" failures="0" timestamp="01 Jul 2020 15:25:51 GMT" time="0.000" errors="0">
  <testcase name="searchTest" time="0.000" classname="TestNgAnnotationSession.InvocationCountConcept">
    <skipped/>
  </testcase> <!-- searchTest -->
  <testcase name="searchTest" time="0.000" classname="TestNgAnnotationSession.InvocationCountConcept">
    <skipped/>
  </testcase> <!-- searchTest -->
  <testcase name="createuserTest" time="0.000" classname="TestNgAnnotationSession.InvocationCountConcept">
    <skipped/>
  </testcase> <!-- createuserTest -->
  <testcase name="createuserTest" time="0.000" classname="TestNgAnnotationSession.InvocationCountConcept">
    <skipped/>
  </testcase> <!-- createuserTest -->
  <testcase name="createuserTest" time="0.000" classname="TestNgAnnotationSession.InvocationCountConcept">
    <skipped/>
  </testcase> <!-- createuserTest -->
  <testcase name="searchTest" time="0.000" classname="TestNgAnnotationSession.InvocationCountConcept">
    <skipped/>
  </testcase> <!-- searchTest -->
  <testcase name="searchTest" time="0.000" classname="TestNgAnnotationSession.InvocationCountConcept">
    <skipped/>
  </testcase> <!-- searchTest -->
  <testcase name="createuserTest" time="0.000" classname="TestNgAnnotationSession.InvocationCountConcept">
    <skipped/>
  </testcase> <!-- createuserTest -->
  <testcase name="searchTest" time="0.000" classname="TestNgAnnotationSession.InvocationCountConcept">
    <skipped/>
  </testcase> <!-- searchTest -->
  <testcase name="createuserTest" time="0.000" classname="TestNgAnnotationSession.InvocationCountConcept">
    <skipped/>
  </testcase> <!-- createuserTest -->
  <testcase name="createuserTest" time="0.000" classname="TestNgAnnotationSession.InvocationCountConcept">
    <skipped/>
  </testcase> <!-- createuserTest -->
  <testcase name="createuserTest" time="0.000" classname="TestNgAnnotationSession.InvocationCountConcept">
    <skipped/>
  </testcase> <!-- createuserTest -->
  <testcase name="createuserTest" time="0.000" classname="TestNgAnnotationSession.InvocationCountConcept">
    <skipped/>
  </testcase> <!-- createuserTest -->
  <testcase name="searchTest" time="0.000" classname="TestNgAnnotationSession.InvocationCountConcept">
    <skipped/>
  </testcase> <!-- searchTest -->
  <testcase name="searchTest" time="0.000" classname="TestNgAnnotationSession.InvocationCountConcept">
    <skipped/>
  </testcase> <!-- searchTest -->
  <testcase name="createuserTest" time="0.000" classname="TestNgAnnotationSession.InvocationCountConcept">
    <skipped/>
  </testcase> <!-- createuserTest -->
  <testcase name="createuserTest" time="0.000" classname="TestNgAnnotationSession.InvocationCountConcept">
    <skipped/>
  </testcase> <!-- createuserTest -->
  <testcase name="createuserTest" time="0.000" classname="TestNgAnnotationSession.InvocationCountConcept">
    <skipped/>
  </testcase> <!-- createuserTest -->
  <testcase name="createuserTest" time="0.000" classname="TestNgAnnotationSession.InvocationCountConcept">
    <skipped/>
  </testcase> <!-- createuserTest -->
  <testcase name="createuserTest" time="0.000" classname="TestNgAnnotationSession.InvocationCountConcept">
    <skipped/>
  </testcase> <!-- createuserTest -->
  <testcase name="searchTest" time="0.000" classname="TestNgAnnotationSession.InvocationCountConcept">
    <skipped/>
  </testcase> <!-- searchTest -->
  <testcase name="searchTest" time="0.000" classname="TestNgAnnotationSession.InvocationCountConcept">
    <skipped/>
  </testcase> <!-- searchTest -->
  <testcase name="createuserTest" time="0.000" classname="TestNgAnnotationSession.InvocationCountConcept">
    <skipped/>
  </testcase> <!-- createuserTest -->
  <testcase name="searchTest" time="0.000" classname="TestNgAnnotationSession.InvocationCountConcept">
    <skipped/>
  </testcase> <!-- searchTest -->
  <testcase name="createuserTest" time="0.000" classname="TestNgAnnotationSession.InvocationCountConcept">
    <skipped/>
  </testcase> <!-- createuserTest -->
</testsuite> <!-- TestNgAnnotationSession.InvocationCountConcept -->
